<?xml version="1.0" encoding="UTF-8"?>
<testsuite xmlns:xsi="http://www.w3.org/2001/XMLSchema-instance" xsi:noNamespaceSchemaLocation="https://maven.apache.org/surefire/maven-surefire-plugin/xsd/surefire-test-report-3.0.xsd" version="3.0" name="com.example.rendu.RenduApplicationTests" time="16.084" tests="1" errors="0" skipped="0" failures="0">
  <properties>
[...]
</properties>
  <testcase name="contextLoads" classname="com.example.rendu.RenduApplicationTests" time="1.353">
    <system-out><![CDATA[17:26:41.132 [main] INFO org.springframework.test.context.support.AnnotationConfigContextLoaderUtils -- Could not detect default configuration classes for test class [com.example.rendu.RenduApplicationTests]: RenduApplicationTests does not declare any static, non-private, non-final, nested classes annotated with @Configuration.
17:26:41.400 [main] INFO org.springframework.boot.test.context.SpringBootTestContextBootstrapper -- Found @SpringBootConfiguration com.example.rendu.RenduApplication for test class com.example.rendu.RenduApplicationTests

  .   ____          _            __ _ _
 /\\ / ___'_ __ _ _(_)_ __  __ _ \ \ \ \
( ( )\___ | '_ | '_| | '_ \/ _` | \ \ \ \
 \\/  ___)| |_)| | | | | || (_| |  ) ) ) )
  '  |____| .__|_| |_|_| |_\__, | / / / /
 =========|_|==============|___/=/_/_/_/
 :: Spring Boot ::                (v3.2.5)

2025-07-18T17:26:43.658+01:00  INFO 42208 --- [rendu] [           main] c.example.rendu.RenduApplicationTests    : Starting RenduApplicationTests using Java 23.0.2 with PID 42208 (started by kawta in C:\Users\kawta\OneDrive\Bureau\micro-service\rendu)
2025-07-18T17:26:43.661+01:00  INFO 42208 --- [rendu] [           main] c.example.rendu.RenduApplicationTests    : No active profile set, falling back to 1 default profile: "default"
2025-07-18T17:26:43.784+01:00  INFO 42208 --- [rendu] [           main] o.s.c.c.c.ConfigServerConfigDataLoader   : Fetching config from server at : http://localhost:8888
2025-07-18T17:26:43.784+01:00  WARN 42208 --- [rendu] [           main] o.s.c.c.c.ConfigServerConfigDataLoader   : Could not locate PropertySource ([ConfigServerConfigDataResource@1a28b346 uris = array<String>['http://localhost:8888'], optional = true, profiles = 'default']): None of labels [] found
2025-07-18T17:26:43.785+01:00  INFO 42208 --- [rendu] [           main] o.s.c.c.c.ConfigServerConfigDataLoader   : Fetching config from server at : http://localhost:8888
2025-07-18T17:26:43.785+01:00  WARN 42208 --- [rendu] [           main] o.s.c.c.c.ConfigServerConfigDataLoader   : Could not locate PropertySource ([ConfigServerConfigDataResource@3d7b1f1c uris = array<String>['http://localhost:8888'], optional = true, profiles = 'default']): None of labels [] found
2025-07-18T17:26:43.785+01:00  INFO 42208 --- [rendu] [           main] o.s.c.c.c.ConfigServerConfigDataLoader   : Fetching config from server at : http://localhost:8888
2025-07-18T17:26:43.785+01:00  WARN 42208 --- [rendu] [           main] o.s.c.c.c.ConfigServerConfigDataLoader   : Could not locate PropertySource ([ConfigServerConfigDataResource@51ce6f85 uris = array<String>['http://localhost:8888'], optional = true, profiles = 'default']): None of labels [] found
2025-07-18T17:26:45.691+01:00  INFO 42208 --- [rendu] [           main] .s.d.r.c.RepositoryConfigurationDelegate : Bootstrapping Spring Data JPA repositories in DEFAULT mode.
2025-07-18T17:26:46.143+01:00  INFO 42208 --- [rendu] [           main] .s.d.r.c.RepositoryConfigurationDelegate : Finished Spring Data repository scanning in 421 ms. Found 1 JPA repository interface.
2025-07-18T17:26:46.934+01:00  INFO 42208 --- [rendu] [           main] o.s.cloud.context.scope.GenericScope     : BeanFactory id=a83f6299-ff4e-35e1-acfe-9f9eeffb7875
2025-07-18T17:26:47.375+01:00  WARN 42208 --- [rendu] [           main] trationDelegate$BeanPostProcessorChecker : Bean 'org.springframework.cloud.client.loadbalancer.LoadBalancerAutoConfiguration$DeferringLoadBalancerInterceptorConfig' of type [org.springframework.cloud.client.loadbalancer.LoadBalancerAutoConfiguration$DeferringLoadBalancerInterceptorConfig] is not eligible for getting processed by all BeanPostProcessors (for example: not eligible for auto-proxying). The currently created BeanPostProcessor [lbRestClientPostProcessor] is declared through a non-static factory method on that class; consider declaring it as static instead.
2025-07-18T17:26:47.378+01:00  WARN 42208 --- [rendu] [           main] trationDelegate$BeanPostProcessorChecker : Bean 'deferringLoadBalancerInterceptor' of type [org.springframework.cloud.client.loadbalancer.DeferringLoadBalancerInterceptor] is not eligible for getting processed by all BeanPostProcessors (for example: not eligible for auto-proxying). Is this bean getting eagerly injected into a currently created BeanPostProcessor [lbRestClientPostProcessor]? Check the corresponding BeanPostProcessor declaration and its dependencies.
2025-07-18T17:26:47.878+01:00  INFO 42208 --- [rendu] [           main] o.hibernate.jpa.internal.util.LogHelper  : HHH000204: Processing PersistenceUnitInfo [name: default]
2025-07-18T17:26:48.159+01:00  INFO 42208 --- [rendu] [           main] org.hibernate.Version                    : HHH000412: Hibernate ORM core version 6.4.4.Final
2025-07-18T17:26:48.331+01:00  INFO 42208 --- [rendu] [           main] o.h.c.internal.RegionFactoryInitiator    : HHH000026: Second-level cache disabled
2025-07-18T17:26:48.924+01:00  INFO 42208 --- [rendu] [           main] o.s.o.j.p.SpringPersistenceUnitInfo      : No LoadTimeWeaver setup: ignoring JPA class transformer
2025-07-18T17:26:48.995+01:00  INFO 42208 --- [rendu] [           main] com.zaxxer.hikari.HikariDataSource       : HikariPool-1 - Starting...
2025-07-18T17:26:49.262+01:00  INFO 42208 --- [rendu] [           main] com.zaxxer.hikari.pool.HikariPool        : HikariPool-1 - Added connection com.mysql.cj.jdbc.ConnectionImpl@aa23f11
2025-07-18T17:26:49.264+01:00  INFO 42208 --- [rendu] [           main] com.zaxxer.hikari.HikariDataSource       : HikariPool-1 - Start completed.
2025-07-18T17:26:49.315+01:00  WARN 42208 --- [rendu] [           main] org.hibernate.orm.deprecation            : HHH90000025: MySQL8Dialect does not need to be specified explicitly using 'hibernate.dialect' (remove the property setting and it will be selected by default)
2025-07-18T17:26:49.316+01:00  WARN 42208 --- [rendu] [           main] org.hibernate.orm.deprecation            : HHH90000026: MySQL8Dialect has been deprecated; use org.hibernate.dialect.MySQLDialect instead
2025-07-18T17:26:50.714+01:00  INFO 42208 --- [rendu] [           main] o.h.e.t.j.p.i.JtaPlatformInitiator       : HHH000489: No JTA platform available (set 'hibernate.transaction.jta.platform' to enable JTA platform integration)
2025-07-18T17:26:50.860+01:00  INFO 42208 --- [rendu] [           main] j.LocalContainerEntityManagerFactoryBean : Initialized JPA EntityManagerFactory for persistence unit 'default'
2025-07-18T17:26:51.331+01:00  INFO 42208 --- [rendu] [           main] o.s.d.j.r.query.QueryEnhancerFactory     : Hibernate is in classpath; If applicable, HQL parser will be used.
2025-07-18T17:26:51.627+01:00  WARN 42208 --- [rendu] [           main] JpaBaseConfiguration$JpaWebConfiguration : spring.jpa.open-in-view is enabled by default. Therefore, database queries may be performed during view rendering. Explicitly configure spring.jpa.open-in-view to disable this warning
2025-07-18T17:26:53.859+01:00  INFO 42208 --- [rendu] [           main] DiscoveryClientOptionalArgsConfiguration : Eureka HTTP Client uses RestTemplate.
2025-07-18T17:26:53.936+01:00  WARN 42208 --- [rendu] [           main] iguration$LoadBalancerCaffeineWarnLogger : Spring Cloud LoadBalancer is currently working with the default cache. While this cache implementation is useful for development and tests, it's recommended to use Caffeine cache in production.You can switch to using Caffeine cache, by adding it and org.springframework.cache.caffeine.CaffeineCacheManager to the classpath.
2025-07-18T17:26:54.023+01:00  INFO 42208 --- [rendu] [           main] o.s.c.n.eureka.InstanceInfoFactory       : Setting initial instance status as: STARTING
2025-07-18T17:26:54.485+01:00  INFO 42208 --- [rendu] [           main] com.netflix.discovery.DiscoveryClient    : Initializing Eureka in region us-east-1
2025-07-18T17:26:54.505+01:00  INFO 42208 --- [rendu] [           main] c.n.d.s.r.aws.ConfigClusterResolver      : Resolving eureka endpoints via configuration
2025-07-18T17:26:54.611+01:00  INFO 42208 --- [rendu] [           main] com.netflix.discovery.DiscoveryClient    : Disable delta property : false
2025-07-18T17:26:54.611+01:00  INFO 42208 --- [rendu] [           main] com.netflix.discovery.DiscoveryClient    : Single vip registry refresh property : null
2025-07-18T17:26:54.611+01:00  INFO 42208 --- [rendu] [           main] com.netflix.discovery.DiscoveryClient    : Force full registry fetch : false
2025-07-18T17:26:54.612+01:00  INFO 42208 --- [rendu] [           main] com.netflix.discovery.DiscoveryClient    : Application is null : false
2025-07-18T17:26:54.612+01:00  INFO 42208 --- [rendu] [           main] com.netflix.discovery.DiscoveryClient    : Registered Applications size is zero : true
2025-07-18T17:26:54.612+01:00  INFO 42208 --- [rendu] [           main] com.netflix.discovery.DiscoveryClient    : Application version is -1: true
2025-07-18T17:26:54.612+01:00  INFO 42208 --- [rendu] [           main] com.netflix.discovery.DiscoveryClient    : Getting all instance registry info from the eureka server
2025-07-18T17:26:55.433+01:00  INFO 42208 --- [rendu] [           main] com.netflix.discovery.DiscoveryClient    : The response status is 200
2025-07-18T17:26:55.439+01:00  INFO 42208 --- [rendu] [           main] com.netflix.discovery.DiscoveryClient    : Starting heartbeat executor: renew interval is: 30
2025-07-18T17:26:55.443+01:00  INFO 42208 --- [rendu] [           main] c.n.discovery.InstanceInfoReplicator     : InstanceInfoReplicator onDemand update allowed rate per min is 4
2025-07-18T17:26:55.452+01:00  INFO 42208 --- [rendu] [           main] com.netflix.discovery.DiscoveryClient    : Discovery Client initialized at timestamp 1752856015452 with initial instances count: 6
2025-07-18T17:26:55.458+01:00  INFO 42208 --- [rendu] [           main] o.s.c.n.e.s.EurekaServiceRegistry        : Registering application RENDU with eureka with status UP
2025-07-18T17:26:55.458+01:00  INFO 42208 --- [rendu] [           main] com.netflix.discovery.DiscoveryClient    : Saw local status change event StatusChangeEvent [timestamp=1752856015458, current=UP, previous=STARTING]
2025-07-18T17:26:55.463+01:00  INFO 42208 --- [rendu] [nfoReplicator-0] com.netflix.discovery.DiscoveryClient    : DiscoveryClient_RENDU/kawthar.mshome.net:rendu:8083: registering service...
2025-07-18T17:26:55.480+01:00  INFO 42208 --- [rendu] [           main] c.example.rendu.RenduApplicationTests    : Started RenduApplicationTests in 13.746 seconds (process running for 16.083)
2025-07-18T17:26:55.636+01:00  INFO 42208 --- [rendu] [nfoReplicator-0] com.netflix.discovery.DiscoveryClient    : DiscoveryClient_RENDU/kawthar.mshome.net:rendu:8083 - registration status: 204
]]></system-out>
    <system-err><![CDATA[WARNING: A Java agent has been loaded dynamically (C:\Users\kawta\.m2\repository\net\bytebuddy\byte-buddy-agent\1.14.13\byte-buddy-agent-1.14.13.jar)
WARNING: If a serviceability tool is in use, please run with -XX:+EnableDynamicAgentLoading to hide this warning
WARNING: If a serviceability tool is not in use, please run with -Djdk.instrument.traceUsage for more information
WARNING: Dynamic loading of agents will be disallowed by default in a future release
]]></system-err>
  </testcase>
</testsuite>